Removed Pin From Net: NetName=GND Pin=D2-2
Removed Pin From Net: NetName=GND Pin=D3-2
Removed Pin From Net: NetName=NetC5_1 Pin=Q2-1
Removed Pin From Net: NetName=NetP4_2 Pin=Q2-3
Removed Pin From Net: NetName=NetC5_1 Pin=Q3-1
Removed Pin From Net: NetName=NetP5_2 Pin=Q3-3
Change Component Footprint: Designator=D2 Old Footprint=3.5X2.8X1.9 New Footprint=LEDC2012X70N
Change Component Footprint: Designator=D3 Old Footprint=3.5X2.8X1.9 New Footprint=LEDC2012X70N
Change Component Footprint: Designator=Q2 Old Footprint=TO-220_A New Footprint=XDCR_PT19-21B/L41/TR8
Change Component Footprint: Designator=Q3 Old Footprint=TO-220_A New Footprint=XDCR_PT19-21B/L41/TR8
Change Component Comment : Designator=D2 Old Comment=LED3 New Comment=597-3305-607F
Change Component Comment : Designator=D3 Old Comment=LED3 New Comment=597-3305-607F
Change Component Comment : Designator=Q2 Old Comment=Photo NPN New Comment=PT19-21B/L41/TR8
Change Component Comment : Designator=Q3 Old Comment=Photo NPN New Comment=PT19-21B/L41/TR8
Change component parameters: Designator = "D2" ("D2"); Footprint = "3.5X2.8X1.9"; UniqueID = "\GIGKIZYY\IHBMILLA" ("\GIGKIZYY\IHBMILLA")
Change component parameters (AddParameter): Name = "Availability"; Value = "Unavailable"; VariantName = "[No Variations]"
Change component parameters (AddParameter): Name = "MF"; Value = ""; VariantName = "[No Variations]"
Change component parameters (AddParameter): Name = "MP"; Value = "597-3305-607F"; VariantName = "[No Variations]"
Change component parameters (AddParameter): Name = "Package"; Value = "None"; VariantName = "[No Variations]"
Change component parameters (AddParameter): Name = "Price"; Value = "None"; VariantName = "[No Variations]"
Change component parameters (AddParameter): Name = "Value"; Value = ""; VariantName = "[No Variations]"
Change component parameters: Designator = "D3" ("D3"); Footprint = "3.5X2.8X1.9"; UniqueID = "\GIGKIZYY\QFVAZTWS" ("\GIGKIZYY\QFVAZTWS")
Change component parameters (AddParameter): Name = "Availability"; Value = "Unavailable"; VariantName = "[No Variations]"
Change component parameters (AddParameter): Name = "MF"; Value = ""; VariantName = "[No Variations]"
Change component parameters (AddParameter): Name = "MP"; Value = "597-3305-607F"; VariantName = "[No Variations]"
Change component parameters (AddParameter): Name = "Package"; Value = "None"; VariantName = "[No Variations]"
Change component parameters (AddParameter): Name = "Price"; Value = "None"; VariantName = "[No Variations]"
Change component parameters (AddParameter): Name = "Value"; Value = ""; VariantName = "[No Variations]"
Change component parameters: Designator = "Q2" ("Q2"); Footprint = "TO-220_A"; UniqueID = "\GIGKIZYY\FRTKYZRG" ("\GIGKIZYY\FRTKYZRG")
Change component parameters (AddParameter): Name = "Availability"; Value = "Unavailable"; VariantName = "[No Variations]"
Change component parameters (AddParameter): Name = "MF"; Value = ""; VariantName = "[No Variations]"
Change component parameters (AddParameter): Name = "MP"; Value = "PT19-21B/L41/TR8"; VariantName = "[No Variations]"
Change component parameters (AddParameter): Name = "Package"; Value = "None"; VariantName = "[No Variations]"
Change component parameters (AddParameter): Name = "Price"; Value = "None"; VariantName = "[No Variations]"
Change component parameters (AddParameter): Name = "Value"; Value = ""; VariantName = "[No Variations]"
Change component parameters: Designator = "Q3" ("Q3"); Footprint = "TO-220_A"; UniqueID = "\GIGKIZYY\ZEPPUFRI" ("\GIGKIZYY\ZEPPUFRI")
Change component parameters (AddParameter): Name = "Availability"; Value = "Unavailable"; VariantName = "[No Variations]"
Change component parameters (AddParameter): Name = "MF"; Value = ""; VariantName = "[No Variations]"
Change component parameters (AddParameter): Name = "MP"; Value = "PT19-21B/L41/TR8"; VariantName = "[No Variations]"
Change component parameters (AddParameter): Name = "Package"; Value = "None"; VariantName = "[No Variations]"
Change component parameters (AddParameter): Name = "Price"; Value = "None"; VariantName = "[No Variations]"
Change component parameters (AddParameter): Name = "Value"; Value = ""; VariantName = "[No Variations]"
Added Pin To Net: NetName=GND Pin=D2-C
Added Pin To Net: NetName=GND Pin=D3-C
Added Pin To Net: NetName=NetC5_1 Pin=Q2-C
Added Pin To Net: NetName=NetP4_2 Pin=Q2-E
Added Pin To Net: NetName=NetC5_1 Pin=Q3-C
Added Pin To Net: NetName=NetP5_2 Pin=Q3-E
Added Pin To Net: NetName=NetD2_A Pin=D2-A
Added Pin To Net: NetName=NetD2_A Pin=D3-A
Added Pin To Net: NetName=NetD2_A Pin=R4-2
Added Net: Name=NetD2_A
