Removed Pin From Net: NetName=GND Pin=2-1
Removed Pin From Net: NetName=NetP1_1 Pin=2-2
Removed Pin From Net: NetName=NetC4_1 Pin=2-3
Removed Pin From Net: NetName=GND Pin=2-4
Removed Pin From Net: NetName=GND Pin=2-5
Removed Pin From Net: NetName=NetP1_1 Pin=2-6
Removed Pin From Net: NetName=NetC4_1 Pin=2-7
Removed Member From Class: ClassName=B1 Member=2
Change Component Footprint: Designator=U1 Old Footprint=D0008A_M New Footprint=SOIC127P599X175-8N
Change Component Comment : Designator=U1 Old Comment=TL081IDR New Comment=TL081CD
Change Managed Component Library Link : Designator=U1 Old VaultGUID=B7D15EC3-160A-466F-A46C-7801FE6295A7 New VaultGUID= Old ItemGUID=307F351C-BEEA-4104-9BC5-A45B3E4BC46E New ItemGUID= Old RevisionGUID=D5CB02C4-7647-4200-895F-C6AE7B4EE6F6 New RevisionGUID=
Change component parameters: Designator = "U1" ("U1"); Footprint = "D0008A_M"; UniqueID = "\OCIFTTMX\ZSMEDFYL" ("\OCIFTTMX\ZSMEDFYL")
Change component parameters (AddParameter): Name = "Availability"; Value = "Good"; VariantName = "[No Variations]"
Change component parameters (AddParameter): Name = "MF"; Value = "Texas Instruments"; VariantName = "[No Variations]"
Change component parameters (AddParameter): Name = "MP"; Value = "TL081CD"; VariantName = "[No Variations]"
Change component parameters (AddParameter): Name = "Package"; Value = "SOIC-8 Texas Instruments"; VariantName = "[No Variations]"
Change component parameters (AddParameter): Name = "Price"; Value = "None"; VariantName = "[No Variations]"
Change component parameters (AddParameter): Name = "Purchase-URL"; Value = "https://pricing.snapeda.com/search/part/TL081CD/?ref=eda"; VariantName = "[No Variations]"
Change component parameters (AddParameter): Name = "SnapEDA_Link"; Value = "https://www.snapeda.com/parts/TL081CD/Texas%20Instruments/view-part/4793911/?ref=snap"; VariantName = "[No Variations]"
Change component parameters (AddParameter): Name = "Value"; Value = ""; VariantName = "[No Variations]"
Added Component: Designator=U2(SOIC127P599X175-8N)
Add component (AddParameter): Name = "Availability"; Value = "Good"; VariantName = "[No Variations]"
Add component (AddParameter): Name = "MF"; Value = "Texas Instruments"; VariantName = "[No Variations]"
Add component (AddParameter): Name = "MP"; Value = "TL081CD"; VariantName = "[No Variations]"
Add component (AddParameter): Name = "Package"; Value = "SOIC-8 Texas Instruments"; VariantName = "[No Variations]"
Add component (AddParameter): Name = "Price"; Value = "None"; VariantName = "[No Variations]"
Add component (AddParameter): Name = "Purchase-URL"; Value = "https://pricing.snapeda.com/search/part/TL081CD/?ref=eda"; VariantName = "[No Variations]"
Add component (AddParameter): Name = "SnapEDA_Link"; Value = "https://www.snapeda.com/parts/TL081CD/Texas%20Instruments/view-part/4793911/?ref=snap"; VariantName = "[No Variations]"
Add component (AddParameter): Name = "Value"; Value = ""; VariantName = "[No Variations]"
Added Pin To Net: NetName=GND Pin=U2-1
Added Pin To Net: NetName=NetP1_1 Pin=U2-2
Added Pin To Net: NetName=NetC4_1 Pin=U2-3
Added Pin To Net: NetName=GND Pin=U2-4
Added Pin To Net: NetName=GND Pin=U2-5
Added Pin To Net: NetName=NetP1_1 Pin=U2-6
Added Pin To Net: NetName=NetC4_1 Pin=U2-7
Added Member To Class: ClassName=B1 Member=Component U2 TL081CD
Added Member To Class: ClassName=B1 Member=Component VR1 Volt Reg
